2021-02-14 14:01:05.3606|INFO|Microsoft.Hosting.Lifetime|Application started. Press Ctrl+C to shut down.
2021-02-14 14:01:05.4272|INFO|Microsoft.Hosting.Lifetime|Hosting environment: Development
2021-02-14 14:01:05.4493|INFO|Microsoft.Hosting.Lifetime|Content root path: C:\Users\Imad\source\repos\MvcExercise\MvcExercise
2021-02-14 14:05:43.9052|INFO|Microsoft.Hosting.Lifetime|Application started. Press Ctrl+C to shut down.
2021-02-14 14:05:43.9847|INFO|Microsoft.Hosting.Lifetime|Hosting environment: Development
2021-02-14 14:05:43.9915|INFO|Microsoft.Hosting.Lifetime|Content root path: C:\Users\Imad\source\repos\MvcExercise\MvcExercise
2021-02-14 14:07:35.9879|INFO|Microsoft.Hosting.Lifetime|Application started. Press Ctrl+C to shut down.
2021-02-14 14:07:36.0440|INFO|Microsoft.Hosting.Lifetime|Hosting environment: Development
2021-02-14 14:07:36.0591|INFO|Microsoft.Hosting.Lifetime|Content root path: C:\Users\Imad\source\repos\MvcExercise\MvcExercise
2021-02-14 14:10:05.1562|INFO|Microsoft.Hosting.Lifetime|Application started. Press Ctrl+C to shut down.
2021-02-14 14:10:05.2240|INFO|Microsoft.Hosting.Lifetime|Hosting environment: Development
2021-02-14 14:10:05.2403|INFO|Microsoft.Hosting.Lifetime|Content root path: C:\Users\Imad\source\repos\MvcExercise\MvcExercise
2021-02-14 14:13:10.7875|INFO|Microsoft.Hosting.Lifetime|Application started. Press Ctrl+C to shut down.
2021-02-14 14:13:10.8722|INFO|Microsoft.Hosting.Lifetime|Hosting environment: Development
2021-02-14 14:13:10.8876|INFO|Microsoft.Hosting.Lifetime|Content root path: C:\Users\Imad\source\repos\MvcExercise\MvcExercise
2021-02-14 14:17:09.3069|INFO|Microsoft.Hosting.Lifetime|Application started. Press Ctrl+C to shut down.
2021-02-14 14:17:09.3691|INFO|Microsoft.Hosting.Lifetime|Hosting environment: Development
2021-02-14 14:17:09.3860|INFO|Microsoft.Hosting.Lifetime|Content root path: C:\Users\Imad\source\repos\MvcExercise\MvcExercise
2021-02-14 14:17:28.2669|INFO|Microsoft.Hosting.Lifetime|Application started. Press Ctrl+C to shut down.
2021-02-14 14:17:28.3419|INFO|Microsoft.Hosting.Lifetime|Hosting environment: Development
2021-02-14 14:17:28.3886|INFO|Microsoft.Hosting.Lifetime|Content root path: C:\Users\Imad\source\repos\MvcExercise\MvcExercise
2021-02-14 14:20:28.8001|INFO|Microsoft.Hosting.Lifetime|Application started. Press Ctrl+C to shut down.
2021-02-14 14:20:28.8725|INFO|Microsoft.Hosting.Lifetime|Hosting environment: Development
2021-02-14 14:20:28.8824|INFO|Microsoft.Hosting.Lifetime|Content root path: C:\Users\Imad\source\repos\MvcExercise\MvcExercise
2021-02-14 14:21:37.5916|INFO|Microsoft.Hosting.Lifetime|Application started. Press Ctrl+C to shut down.
2021-02-14 14:21:37.6920|INFO|Microsoft.Hosting.Lifetime|Hosting environment: Development
2021-02-14 14:21:37.7107|INFO|Microsoft.Hosting.Lifetime|Content root path: C:\Users\Imad\source\repos\MvcExercise\MvcExercise
2021-02-14 14:25:48.4724|INFO|Microsoft.Hosting.Lifetime|Application started. Press Ctrl+C to shut down.
2021-02-14 14:25:48.5236|INFO|Microsoft.Hosting.Lifetime|Hosting environment: Development
2021-02-14 14:25:48.5236|INFO|Microsoft.Hosting.Lifetime|Content root path: C:\Users\Imad\source\repos\MvcExercise\MvcExercise
2021-02-14 14:26:31.1551|INFO|Microsoft.Hosting.Lifetime|Application started. Press Ctrl+C to shut down.
2021-02-14 14:26:31.2148|INFO|Microsoft.Hosting.Lifetime|Hosting environment: Development
2021-02-14 14:26:31.2303|INFO|Microsoft.Hosting.Lifetime|Content root path: C:\Users\Imad\source\repos\MvcExercise\MvcExercise
2021-02-14 14:30:05.8405|INFO|Microsoft.Hosting.Lifetime|Application started. Press Ctrl+C to shut down.
2021-02-14 14:30:05.9038|INFO|Microsoft.Hosting.Lifetime|Hosting environment: Development
2021-02-14 14:30:05.9184|INFO|Microsoft.Hosting.Lifetime|Content root path: C:\Users\Imad\source\repos\MvcExercise\MvcExercise
2021-02-14 14:31:56.4566|INFO|Microsoft.Hosting.Lifetime|Application started. Press Ctrl+C to shut down.
2021-02-14 14:31:56.5314|INFO|Microsoft.Hosting.Lifetime|Hosting environment: Development
2021-02-14 14:31:56.5418|INFO|Microsoft.Hosting.Lifetime|Content root path: C:\Users\Imad\source\repos\MvcExercise\MvcExercise
2021-02-14 14:32:57.8699|INFO|Microsoft.Hosting.Lifetime|Application started. Press Ctrl+C to shut down.
2021-02-14 14:32:57.9609|INFO|Microsoft.Hosting.Lifetime|Hosting environment: Development
2021-02-14 14:32:57.9788|INFO|Microsoft.Hosting.Lifetime|Content root path: C:\Users\Imad\source\repos\MvcExercise\MvcExercise
2021-02-14 14:37:14.7269|INFO|Microsoft.Hosting.Lifetime|Application started. Press Ctrl+C to shut down.
2021-02-14 14:37:14.7832|INFO|Microsoft.Hosting.Lifetime|Hosting environment: Development
2021-02-14 14:37:14.7832|INFO|Microsoft.Hosting.Lifetime|Content root path: C:\Users\Imad\source\repos\MvcExercise\MvcExercise
2021-02-14 14:41:59.7246|INFO|Microsoft.Hosting.Lifetime|Application started. Press Ctrl+C to shut down.
2021-02-14 14:41:59.7965|INFO|Microsoft.Hosting.Lifetime|Hosting environment: Development
2021-02-14 14:41:59.8135|INFO|Microsoft.Hosting.Lifetime|Content root path: C:\Users\Imad\source\repos\MvcExercise\MvcExercise
2021-02-14 14:44:49.5851|INFO|Microsoft.Hosting.Lifetime|Application started. Press Ctrl+C to shut down.
2021-02-14 14:44:49.6778|INFO|Microsoft.Hosting.Lifetime|Hosting environment: Development
2021-02-14 14:44:49.6947|INFO|Microsoft.Hosting.Lifetime|Content root path: C:\Users\Imad\source\repos\MvcExercise\MvcExercise
2021-02-14 14:46:10.1003|INFO|Microsoft.Hosting.Lifetime|Application started. Press Ctrl+C to shut down.
2021-02-14 14:46:10.1991|INFO|Microsoft.Hosting.Lifetime|Hosting environment: Development
2021-02-14 14:46:10.2077|INFO|Microsoft.Hosting.Lifetime|Content root path: C:\Users\Imad\source\repos\MvcExercise\MvcExercise
2021-02-14 14:48:25.5585|INFO|Microsoft.Hosting.Lifetime|Application started. Press Ctrl+C to shut down.
2021-02-14 14:48:25.6578|INFO|Microsoft.Hosting.Lifetime|Hosting environment: Development
2021-02-14 14:48:25.6578|INFO|Microsoft.Hosting.Lifetime|Content root path: C:\Users\Imad\source\repos\MvcExercise\MvcExercise
2021-02-14 14:50:14.3266|INFO|Microsoft.Hosting.Lifetime|Application started. Press Ctrl+C to shut down.
2021-02-14 14:50:14.4104|INFO|Microsoft.Hosting.Lifetime|Hosting environment: Development
2021-02-14 14:50:14.4238|INFO|Microsoft.Hosting.Lifetime|Content root path: C:\Users\Imad\source\repos\MvcExercise\MvcExercise
2021-02-14 14:51:50.2465|INFO|Microsoft.Hosting.Lifetime|Application started. Press Ctrl+C to shut down.
2021-02-14 14:51:50.3487|INFO|Microsoft.Hosting.Lifetime|Hosting environment: Development
2021-02-14 14:51:50.3487|INFO|Microsoft.Hosting.Lifetime|Content root path: C:\Users\Imad\source\repos\MvcExercise\MvcExercise
2021-02-14 14:54:10.7338|INFO|Microsoft.Hosting.Lifetime|Application started. Press Ctrl+C to shut down.
2021-02-14 14:54:10.7955|INFO|Microsoft.Hosting.Lifetime|Hosting environment: Development
2021-02-14 14:54:10.8169|INFO|Microsoft.Hosting.Lifetime|Content root path: C:\Users\Imad\source\repos\MvcExercise\MvcExercise
2021-02-14 15:02:13.5519|INFO|Microsoft.Hosting.Lifetime|Application started. Press Ctrl+C to shut down.
2021-02-14 15:02:13.6375|INFO|Microsoft.Hosting.Lifetime|Hosting environment: Development
2021-02-14 15:02:13.6480|INFO|Microsoft.Hosting.Lifetime|Content root path: C:\Users\Imad\source\repos\MvcExercise\MvcExercise
2021-02-14 15:15:44.5511|INFO|Microsoft.Hosting.Lifetime|Application started. Press Ctrl+C to shut down.
2021-02-14 15:15:44.6373|INFO|Microsoft.Hosting.Lifetime|Hosting environment: Development
2021-02-14 15:15:44.6592|INFO|Microsoft.Hosting.Lifetime|Content root path: C:\Users\Imad\source\repos\MvcExercise\MvcExercise
2021-02-14 15:18:32.1733|INFO|Microsoft.Hosting.Lifetime|Application started. Press Ctrl+C to shut down.
2021-02-14 15:18:32.2917|INFO|Microsoft.Hosting.Lifetime|Hosting environment: Development
2021-02-14 15:18:32.3093|INFO|Microsoft.Hosting.Lifetime|Content root path: C:\Users\Imad\source\repos\MvcExercise\MvcExercise
2021-02-14 15:37:25.6103|INFO|Microsoft.Hosting.Lifetime|Application started. Press Ctrl+C to shut down.
2021-02-14 15:37:25.7164|INFO|Microsoft.Hosting.Lifetime|Hosting environment: Development
2021-02-14 15:37:25.7389|INFO|Microsoft.Hosting.Lifetime|Content root path: C:\Users\Imad\source\repos\MvcExercise\MvcExercise
2021-02-14 15:39:51.3414|INFO|Microsoft.Hosting.Lifetime|Application started. Press Ctrl+C to shut down.
2021-02-14 15:39:51.4602|INFO|Microsoft.Hosting.Lifetime|Hosting environment: Development
2021-02-14 15:39:51.4755|INFO|Microsoft.Hosting.Lifetime|Content root path: C:\Users\Imad\source\repos\MvcExercise\MvcExercise
2021-02-14 15:41:14.6367|INFO|Microsoft.Hosting.Lifetime|Application started. Press Ctrl+C to shut down.
2021-02-14 15:41:14.7213|INFO|Microsoft.Hosting.Lifetime|Hosting environment: Development
2021-02-14 15:41:14.7417|INFO|Microsoft.Hosting.Lifetime|Content root path: C:\Users\Imad\source\repos\MvcExercise\MvcExercise
2021-02-14 15:42:18.1390|INFO|Microsoft.Hosting.Lifetime|Application started. Press Ctrl+C to shut down.
2021-02-14 15:42:18.2097|INFO|Microsoft.Hosting.Lifetime|Hosting environment: Development
2021-02-14 15:42:18.2278|INFO|Microsoft.Hosting.Lifetime|Content root path: C:\Users\Imad\source\repos\MvcExercise\MvcExercise
2021-02-14 15:48:46.7151|INFO|Microsoft.Hosting.Lifetime|Application started. Press Ctrl+C to shut down.
2021-02-14 15:48:46.8399|INFO|Microsoft.Hosting.Lifetime|Hosting environment: Development
2021-02-14 15:48:46.8509|INFO|Microsoft.Hosting.Lifetime|Content root path: C:\Users\Imad\source\repos\MvcExercise\MvcExercise
2021-02-14 15:49:24.1023|INFO|Microsoft.Hosting.Lifetime|Application started. Press Ctrl+C to shut down.
2021-02-14 15:49:24.2292|INFO|Microsoft.Hosting.Lifetime|Hosting environment: Development
2021-02-14 15:49:24.3392|INFO|Microsoft.Hosting.Lifetime|Content root path: C:\Users\Imad\source\repos\MvcExercise\MvcExercise
2021-02-14 15:52:16.6118|INFO|Microsoft.Hosting.Lifetime|Application started. Press Ctrl+C to shut down.
2021-02-14 15:52:16.7061|INFO|Microsoft.Hosting.Lifetime|Hosting environment: Development
2021-02-14 15:52:16.7289|INFO|Microsoft.Hosting.Lifetime|Content root path: C:\Users\Imad\source\repos\MvcExercise\MvcExercise
2021-02-14 15:54:20.4805|INFO|Microsoft.Hosting.Lifetime|Application started. Press Ctrl+C to shut down.
2021-02-14 15:54:20.5595|INFO|Microsoft.Hosting.Lifetime|Hosting environment: Development
2021-02-14 15:54:20.5862|INFO|Microsoft.Hosting.Lifetime|Content root path: C:\Users\Imad\source\repos\MvcExercise\MvcExercise
2021-02-14 18:17:09.8206|INFO|Microsoft.Hosting.Lifetime|Application started. Press Ctrl+C to shut down.
2021-02-14 18:17:09.9036|INFO|Microsoft.Hosting.Lifetime|Hosting environment: Development
2021-02-14 18:17:09.9202|INFO|Microsoft.Hosting.Lifetime|Content root path: C:\Users\Imad\source\repos\MvcExercise\MvcExercise
2021-02-14 18:31:54.8919|INFO|Microsoft.Hosting.Lifetime|Application started. Press Ctrl+C to shut down.
2021-02-14 18:31:54.9526|INFO|Microsoft.Hosting.Lifetime|Hosting environment: Development
2021-02-14 18:31:54.9715|INFO|Microsoft.Hosting.Lifetime|Content root path: C:\Users\Imad\source\repos\MvcExercise\MvcExercise
2021-02-14 18:36:57.9290|INFO|Microsoft.Hosting.Lifetime|Application started. Press Ctrl+C to shut down.
2021-02-14 18:36:58.0272|INFO|Microsoft.Hosting.Lifetime|Hosting environment: Development
2021-02-14 18:36:58.0393|INFO|Microsoft.Hosting.Lifetime|Content root path: C:\Users\Imad\source\repos\MvcExercise\MvcExercise
2021-02-14 18:41:29.5095|INFO|Microsoft.Hosting.Lifetime|Application started. Press Ctrl+C to shut down.
2021-02-14 18:41:29.5884|INFO|Microsoft.Hosting.Lifetime|Hosting environment: Development
2021-02-14 18:41:29.6070|INFO|Microsoft.Hosting.Lifetime|Content root path: C:\Users\Imad\source\repos\MvcExercise\MvcExercise
2021-02-14 18:43:45.6402|INFO|Microsoft.Hosting.Lifetime|Application started. Press Ctrl+C to shut down.
2021-02-14 18:43:45.7207|INFO|Microsoft.Hosting.Lifetime|Hosting environment: Development
2021-02-14 18:43:45.7385|INFO|Microsoft.Hosting.Lifetime|Content root path: C:\Users\Imad\source\repos\MvcExercise\MvcExercise
2021-02-14 18:50:26.0079|INFO|Microsoft.Hosting.Lifetime|Application started. Press Ctrl+C to shut down.
2021-02-14 18:50:26.0767|INFO|Microsoft.Hosting.Lifetime|Hosting environment: Development
2021-02-14 18:50:26.0919|INFO|Microsoft.Hosting.Lifetime|Content root path: C:\Users\Imad\source\repos\MvcExercise\MvcExercise
2021-02-14 18:51:27.0607|INFO|Microsoft.Hosting.Lifetime|Application started. Press Ctrl+C to shut down.
2021-02-14 18:51:27.1193|INFO|Microsoft.Hosting.Lifetime|Hosting environment: Development
2021-02-14 18:51:27.1400|INFO|Microsoft.Hosting.Lifetime|Content root path: C:\Users\Imad\source\repos\MvcExercise\MvcExercise
2021-02-14 18:53:18.9967|INFO|Microsoft.Hosting.Lifetime|Application started. Press Ctrl+C to shut down.
2021-02-14 18:53:19.0512|INFO|Microsoft.Hosting.Lifetime|Hosting environment: Development
2021-02-14 18:53:19.0512|INFO|Microsoft.Hosting.Lifetime|Content root path: C:\Users\Imad\source\repos\MvcExercise\MvcExercise
2021-02-14 20:27:53.3392|INFO|Microsoft.Hosting.Lifetime|Application started. Press Ctrl+C to shut down.
2021-02-14 20:27:53.4011|INFO|Microsoft.Hosting.Lifetime|Hosting environment: Development
2021-02-14 20:27:53.4163|INFO|Microsoft.Hosting.Lifetime|Content root path: C:\Users\Imad\source\repos\MvcExercise\MvcExercise
2021-02-14 20:33:06.2491|INFO|Microsoft.Hosting.Lifetime|Application started. Press Ctrl+C to shut down.
2021-02-14 20:33:06.3561|INFO|Microsoft.Hosting.Lifetime|Hosting environment: Development
2021-02-14 20:33:06.3635|INFO|Microsoft.Hosting.Lifetime|Content root path: C:\Users\Imad\source\repos\MvcExercise\MvcExercise
2021-02-14 20:34:04.9562|INFO|Microsoft.Hosting.Lifetime|Application started. Press Ctrl+C to shut down.
2021-02-14 20:34:05.0737|INFO|Microsoft.Hosting.Lifetime|Hosting environment: Development
2021-02-14 20:34:05.0909|INFO|Microsoft.Hosting.Lifetime|Content root path: C:\Users\Imad\source\repos\MvcExercise\MvcExercise
2021-02-14 20:36:35.0706|INFO|Microsoft.Hosting.Lifetime|Application started. Press Ctrl+C to shut down.
2021-02-14 20:36:35.1765|INFO|Microsoft.Hosting.Lifetime|Hosting environment: Development
2021-02-14 20:36:35.1765|INFO|Microsoft.Hosting.Lifetime|Content root path: C:\Users\Imad\source\repos\MvcExercise\MvcExercise
2021-02-14 20:39:11.1666|INFO|Microsoft.Hosting.Lifetime|Application started. Press Ctrl+C to shut down.
2021-02-14 20:39:11.2227|INFO|Microsoft.Hosting.Lifetime|Hosting environment: Development
2021-02-14 20:39:11.2359|INFO|Microsoft.Hosting.Lifetime|Content root path: C:\Users\Imad\source\repos\MvcExercise\MvcExercise
2021-02-14 20:42:56.6235|INFO|Microsoft.Hosting.Lifetime|Application started. Press Ctrl+C to shut down.
2021-02-14 20:42:56.6888|INFO|Microsoft.Hosting.Lifetime|Hosting environment: Development
2021-02-14 20:42:56.6888|INFO|Microsoft.Hosting.Lifetime|Content root path: C:\Users\Imad\source\repos\MvcExercise\MvcExercise
2021-02-14 20:47:06.4896|INFO|Microsoft.Hosting.Lifetime|Application started. Press Ctrl+C to shut down.
2021-02-14 20:47:06.5935|INFO|Microsoft.Hosting.Lifetime|Hosting environment: Development
2021-02-14 20:47:06.6106|INFO|Microsoft.Hosting.Lifetime|Content root path: C:\Users\Imad\source\repos\MvcExercise\MvcExercise
2021-02-14 20:50:34.5284|INFO|Microsoft.Hosting.Lifetime|Application started. Press Ctrl+C to shut down.
2021-02-14 20:50:34.6104|INFO|Microsoft.Hosting.Lifetime|Hosting environment: Development
2021-02-14 20:50:34.6442|INFO|Microsoft.Hosting.Lifetime|Content root path: C:\Users\Imad\source\repos\MvcExercise\MvcExercise
2021-02-14 20:52:04.4738|INFO|Microsoft.Hosting.Lifetime|Application started. Press Ctrl+C to shut down.
2021-02-14 20:52:04.5895|INFO|Microsoft.Hosting.Lifetime|Hosting environment: Development
2021-02-14 20:52:04.5994|INFO|Microsoft.Hosting.Lifetime|Content root path: C:\Users\Imad\source\repos\MvcExercise\MvcExercise
2021-02-14 20:59:20.8359|INFO|Microsoft.Hosting.Lifetime|Application started. Press Ctrl+C to shut down.
2021-02-14 20:59:20.9544|INFO|Microsoft.Hosting.Lifetime|Hosting environment: Development
2021-02-14 20:59:20.9741|INFO|Microsoft.Hosting.Lifetime|Content root path: C:\Users\Imad\source\repos\MvcExercise\MvcExercise
2021-02-14 20:59:49.8140|INFO|Microsoft.Hosting.Lifetime|Application started. Press Ctrl+C to shut down.
2021-02-14 20:59:49.8888|INFO|Microsoft.Hosting.Lifetime|Hosting environment: Development
2021-02-14 20:59:49.9053|INFO|Microsoft.Hosting.Lifetime|Content root path: C:\Users\Imad\source\repos\MvcExercise\MvcExercise
2021-02-14 21:01:21.5524|INFO|Microsoft.Hosting.Lifetime|Application started. Press Ctrl+C to shut down.
2021-02-14 21:01:21.6315|INFO|Microsoft.Hosting.Lifetime|Hosting environment: Development
2021-02-14 21:01:21.6524|INFO|Microsoft.Hosting.Lifetime|Content root path: C:\Users\Imad\source\repos\MvcExercise\MvcExercise
2021-02-14 21:02:02.9322|INFO|Microsoft.Hosting.Lifetime|Application started. Press Ctrl+C to shut down.
2021-02-14 21:02:03.0480|INFO|Microsoft.Hosting.Lifetime|Hosting environment: Development
2021-02-14 21:02:03.0637|INFO|Microsoft.Hosting.Lifetime|Content root path: C:\Users\Imad\source\repos\MvcExercise\MvcExercise
2021-02-14 21:02:54.7150|INFO|Microsoft.Hosting.Lifetime|Application started. Press Ctrl+C to shut down.
2021-02-14 21:02:54.8276|INFO|Microsoft.Hosting.Lifetime|Hosting environment: Development
2021-02-14 21:02:54.8781|INFO|Microsoft.Hosting.Lifetime|Content root path: C:\Users\Imad\source\repos\MvcExercise\MvcExercise
2021-02-14 21:04:17.2639|INFO|Microsoft.Hosting.Lifetime|Application started. Press Ctrl+C to shut down.
2021-02-14 21:04:17.3658|INFO|Microsoft.Hosting.Lifetime|Hosting environment: Development
2021-02-14 21:04:17.3658|INFO|Microsoft.Hosting.Lifetime|Content root path: C:\Users\Imad\source\repos\MvcExercise\MvcExercise
2021-02-14 21:06:29.5184|INFO|Microsoft.Hosting.Lifetime|Application started. Press Ctrl+C to shut down.
2021-02-14 21:06:29.6824|INFO|Microsoft.Hosting.Lifetime|Hosting environment: Development
2021-02-14 21:06:29.6945|INFO|Microsoft.Hosting.Lifetime|Content root path: C:\Users\Imad\source\repos\MvcExercise\MvcExercise
2021-02-14 21:08:20.1580|INFO|Microsoft.Hosting.Lifetime|Application started. Press Ctrl+C to shut down.
2021-02-14 21:08:20.2271|INFO|Microsoft.Hosting.Lifetime|Hosting environment: Development
2021-02-14 21:08:20.2271|INFO|Microsoft.Hosting.Lifetime|Content root path: C:\Users\Imad\source\repos\MvcExercise\MvcExercise
2021-02-14 21:09:03.4486|INFO|Microsoft.Hosting.Lifetime|Application started. Press Ctrl+C to shut down.
2021-02-14 21:09:03.5520|INFO|Microsoft.Hosting.Lifetime|Hosting environment: Development
2021-02-14 21:09:03.5520|INFO|Microsoft.Hosting.Lifetime|Content root path: C:\Users\Imad\source\repos\MvcExercise\MvcExercise
2021-02-14 21:12:27.1221|INFO|Microsoft.Hosting.Lifetime|Application started. Press Ctrl+C to shut down.
2021-02-14 21:12:27.2309|INFO|Microsoft.Hosting.Lifetime|Hosting environment: Development
2021-02-14 21:12:27.2383|INFO|Microsoft.Hosting.Lifetime|Content root path: C:\Users\Imad\source\repos\MvcExercise\MvcExercise
2021-02-14 21:15:53.3208|INFO|Microsoft.Hosting.Lifetime|Application started. Press Ctrl+C to shut down.
2021-02-14 21:15:53.4410|INFO|Microsoft.Hosting.Lifetime|Hosting environment: Development
2021-02-14 21:15:53.4824|INFO|Microsoft.Hosting.Lifetime|Content root path: C:\Users\Imad\source\repos\MvcExercise\MvcExercise
2021-02-14 21:17:35.9096|WARN|Microsoft.AspNetCore.Identity.UserManager|Invalid password for user.
2021-02-14 21:17:35.9096|WARN|Microsoft.AspNetCore.Identity.SignInManager|User e20ab399-879b-4d3c-b7a9-12a9b89d3f58 failed to provide the correct password.
2021-02-14 21:22:39.7867|INFO|Microsoft.Hosting.Lifetime|Application started. Press Ctrl+C to shut down.
2021-02-14 21:22:39.8707|INFO|Microsoft.Hosting.Lifetime|Hosting environment: Development
2021-02-14 21:22:39.8786|INFO|Microsoft.Hosting.Lifetime|Content root path: C:\Users\Imad\source\repos\MvcExercise\MvcExercise
2021-02-14 21:27:46.0486|INFO|Microsoft.Hosting.Lifetime|Application started. Press Ctrl+C to shut down.
2021-02-14 21:27:46.1405|INFO|Microsoft.Hosting.Lifetime|Hosting environment: Development
2021-02-14 21:27:46.1554|INFO|Microsoft.Hosting.Lifetime|Content root path: C:\Users\Imad\source\repos\MvcExercise\MvcExercise
2021-02-14 21:27:49.0697|ERROR|Microsoft.AspNetCore.Diagnostics.DeveloperExceptionPageMiddleware|An unhandled exception has occurred while executing the request.
2021-02-14 21:27:49.0697|ERROR|Microsoft.AspNetCore.Diagnostics.DeveloperExceptionPageMiddleware|An unhandled exception has occurred while executing the request.
2021-02-14 21:28:37.1772|INFO|Microsoft.Hosting.Lifetime|Application started. Press Ctrl+C to shut down.
2021-02-14 21:28:37.2786|INFO|Microsoft.Hosting.Lifetime|Hosting environment: Development
2021-02-14 21:28:37.2907|INFO|Microsoft.Hosting.Lifetime|Content root path: C:\Users\Imad\source\repos\MvcExercise\MvcExercise
2021-02-14 21:30:10.1098|INFO|Microsoft.Hosting.Lifetime|Application started. Press Ctrl+C to shut down.
2021-02-14 21:30:10.1711|INFO|Microsoft.Hosting.Lifetime|Hosting environment: Development
2021-02-14 21:30:10.1816|INFO|Microsoft.Hosting.Lifetime|Content root path: C:\Users\Imad\source\repos\MvcExercise\MvcExercise
2021-02-14 21:33:23.3610|INFO|Microsoft.Hosting.Lifetime|Application started. Press Ctrl+C to shut down.
2021-02-14 21:33:23.4319|INFO|Microsoft.Hosting.Lifetime|Hosting environment: Development
2021-02-14 21:33:23.4392|INFO|Microsoft.Hosting.Lifetime|Content root path: C:\Users\Imad\source\repos\MvcExercise\MvcExercise
2021-02-14 21:33:48.6170|INFO|Microsoft.Hosting.Lifetime|Application started. Press Ctrl+C to shut down.
2021-02-14 21:33:48.6839|INFO|Microsoft.Hosting.Lifetime|Hosting environment: Development
2021-02-14 21:33:48.6975|INFO|Microsoft.Hosting.Lifetime|Content root path: C:\Users\Imad\source\repos\MvcExercise\MvcExercise
2021-02-14 21:35:53.9754|INFO|Microsoft.Hosting.Lifetime|Application started. Press Ctrl+C to shut down.
2021-02-14 21:35:54.0552|INFO|Microsoft.Hosting.Lifetime|Hosting environment: Development
2021-02-14 21:35:54.0979|INFO|Microsoft.Hosting.Lifetime|Content root path: C:\Users\Imad\source\repos\MvcExercise\MvcExercise
2021-02-14 21:37:27.8534|INFO|Microsoft.Hosting.Lifetime|Application started. Press Ctrl+C to shut down.
2021-02-14 21:37:27.9142|INFO|Microsoft.Hosting.Lifetime|Hosting environment: Development
2021-02-14 21:37:27.9235|INFO|Microsoft.Hosting.Lifetime|Content root path: C:\Users\Imad\source\repos\MvcExercise\MvcExercise
2021-02-14 21:38:10.2052|INFO|Microsoft.Hosting.Lifetime|Application started. Press Ctrl+C to shut down.
2021-02-14 21:38:10.3033|INFO|Microsoft.Hosting.Lifetime|Hosting environment: Development
2021-02-14 21:38:10.3033|INFO|Microsoft.Hosting.Lifetime|Content root path: C:\Users\Imad\source\repos\MvcExercise\MvcExercise
2021-02-14 21:38:28.8237|WARN|Microsoft.AspNetCore.Identity.UserManager|Invalid password for user.
2021-02-14 21:38:28.8362|WARN|Microsoft.AspNetCore.Identity.SignInManager|User 7bc27c2c-d7c9-4f3b-a17c-1b90619cd6d7 failed to provide the correct password.
2021-02-14 21:39:12.0496|INFO|Microsoft.Hosting.Lifetime|Application started. Press Ctrl+C to shut down.
2021-02-14 21:39:12.1351|INFO|Microsoft.Hosting.Lifetime|Hosting environment: Development
2021-02-14 21:39:12.1458|INFO|Microsoft.Hosting.Lifetime|Content root path: C:\Users\Imad\source\repos\MvcExercise\MvcExercise
2021-02-14 21:40:15.1148|INFO|Microsoft.Hosting.Lifetime|Application started. Press Ctrl+C to shut down.
2021-02-14 21:40:15.1703|INFO|Microsoft.Hosting.Lifetime|Hosting environment: Development
2021-02-14 21:40:15.1844|INFO|Microsoft.Hosting.Lifetime|Content root path: C:\Users\Imad\source\repos\MvcExercise\MvcExercise
